<?xml version="1.0" encoding="UTF-8"?>
<testsuite name="org.geoint.keyhole.test.AuthenticationTest" time="0.493" tests="9" errors="0" skipped="8" failures="0">
  <properties>
    <property name="java.runtime.name" value="Java(TM) SE Runtime Environment"/>
    <property name="sun.boot.library.path" value="/usr/lib/jvm/jdk1.8.0_11/jre/lib/amd64"/>
    <property name="java.vm.version" value="25.11-b03"/>
    <property name="java.vm.vendor" value="Oracle Corporation"/>
    <property name="java.vendor.url" value="http://java.oracle.com/"/>
    <property name="path.separator" value=":"/>
    <property name="guice.disable.misplaced.annotation.check" value="true"/>
    <property name="java.vm.name" value="Java HotSpot(TM) 64-Bit Server VM"/>
    <property name="file.encoding.pkg" value="sun.io"/>
    <property name="user.country" value="US"/>
    <property name="sun.java.launcher" value="SUN_STANDARD"/>
    <property name="sun.os.patch.level" value="unknown"/>
    <property name="test" value="org.geoint.keyhole.test.AuthenticationTest"/>
    <property name="java.vm.specification.name" value="Java Virtual Machine Specification"/>
    <property name="user.dir" value="/home/localman/workspace/github/keyhole"/>
    <property name="java.runtime.version" value="1.8.0_11-b12"/>
    <property name="java.awt.graphicsenv" value="sun.awt.X11GraphicsEnvironment"/>
    <property name="java.endorsed.dirs" value="/usr/lib/jvm/jdk1.8.0_11/jre/lib/endorsed"/>
    <property name="os.arch" value="amd64"/>
    <property name="java.io.tmpdir" value="/tmp"/>
    <property name="line.separator" value="&#10;"/>
    <property name="java.vm.specification.vendor" value="Oracle Corporation"/>
    <property name="os.name" value="Linux"/>
    <property name="maven.ext.class.path" value="/devSpace/tools/netbeans-8.0/java/maven-nblib/netbeans-eventspy.jar"/>
    <property name="classworlds.conf" value="/opt/maven/bin/m2.conf"/>
    <property name="sun.jnu.encoding" value="UTF-8"/>
    <property name="java.library.path" value="/usr/lib/jvm/jdk1.8.0_11/jre/lib/amd64:/usr/lib/jvm/jdk1.8.0_11/jre/lib/i386:/usr/local/pgsql/lib:/usr/java/packages/lib/amd64:/usr/lib64:/lib64:/lib:/usr/lib"/>
    <property name="java.specification.name" value="Java Platform API Specification"/>
    <property name="java.class.version" value="52.0"/>
    <property name="sun.management.compiler" value="HotSpot 64-Bit Tiered Compilers"/>
    <property name="os.version" value="2.6.32-504.8.1.el6.x86_64"/>
    <property name="user.home" value="/home/localman"/>
    <property name="user.timezone" value="America/New_York"/>
    <property name="java.awt.printerjob" value="sun.print.PSPrinterJob"/>
    <property name="java.specification.version" value="1.8"/>
    <property name="file.encoding" value="UTF-8"/>
    <property name="user.name" value="localman"/>
    <property name="java.class.path" value="/opt/maven/boot/plexus-classworlds-2.4.jar"/>
    <property name="java.vm.specification.version" value="1.8"/>
    <property name="sun.arch.data.model" value="64"/>
    <property name="java.home" value="/usr/lib/jvm/jdk1.8.0_11/jre"/>
    <property name="sun.java.command" value="org.codehaus.plexus.classworlds.launcher.Launcher -Dtest=org.geoint.keyhole.test.AuthenticationTest -Dmaven.ext.class.path=/devSpace/tools/netbeans-8.0/java/maven-nblib/netbeans-eventspy.jar surefire:test"/>
    <property name="java.specification.vendor" value="Oracle Corporation"/>
    <property name="user.language" value="en"/>
    <property name="awt.toolkit" value="sun.awt.X11.XToolkit"/>
    <property name="java.vm.info" value="mixed mode"/>
    <property name="java.version" value="1.8.0_11"/>
    <property name="java.ext.dirs" value="/usr/lib/jvm/jdk1.8.0_11/jre/lib/ext:/usr/java/packages/lib/ext"/>
    <property name="securerandom.source" value="file:/dev/./urandom"/>
    <property name="sun.boot.class.path" value="/usr/lib/jvm/jdk1.8.0_11/jre/lib/resources.jar:/usr/lib/jvm/jdk1.8.0_11/jre/lib/rt.jar:/usr/lib/jvm/jdk1.8.0_11/jre/lib/sunrsasign.jar:/usr/lib/jvm/jdk1.8.0_11/jre/lib/jsse.jar:/usr/lib/jvm/jdk1.8.0_11/jre/lib/jce.jar:/usr/lib/jvm/jdk1.8.0_11/jre/lib/charsets.jar:/usr/lib/jvm/jdk1.8.0_11/jre/lib/jfr.jar:/usr/lib/jvm/jdk1.8.0_11/jre/classes"/>
    <property name="java.vendor" value="Oracle Corporation"/>
    <property name="maven.home" value="/opt/maven"/>
    <property name="file.separator" value="/"/>
    <property name="java.vendor.url.bug" value="http://bugreport.sun.com/bugreport/"/>
    <property name="sun.cpu.endian" value="little"/>
    <property name="sun.io.unicode.encoding" value="UnicodeLittle"/>
    <property name="sun.desktop" value="gnome"/>
    <property name="sun.cpu.isalist" value=""/>
  </properties>
  <testcase name="testNothingBase" classname="org.geoint.keyhole.test.AuthenticationTest" time="0">
    <skipped/>
    <system-out><![CDATA[Found populator: org.glassfish.kernel.embedded.EmbeddedDomainXml
]]></system-out>
    <system-err><![CDATA[Feb 23, 2015 4:15:34 PM org.glassfish.security.services.impl.authorization.AuthorizationServiceImpl initialize
INFO: Authorization Service has successfully initialized.
Feb 23, 2015 4:15:34 PM org.hibernate.validator.internal.util.Version <clinit>
INFO: HV000001: Hibernate Validator 5.0.0.Final
Feb 23, 2015 4:15:35 PM com.sun.enterprise.v3.services.impl.GrizzlyProxy start0
INFO: Grizzly Framework 2.3.15 started in: 20ms - bound to [/0.0.0.0:8080]
Feb 23, 2015 4:15:35 PM com.sun.enterprise.v3.services.impl.GrizzlyProxy start0
INFO: Grizzly Framework 2.3.15 started in: 1ms - bound to [/0.0.0.0:8181]
Feb 23, 2015 4:15:35 PM com.sun.enterprise.v3.admin.adapter.AdminEndpointDecider setGuiContextRoot
INFO: Admin Console Adapter: context root: /admin
Feb 23, 2015 4:15:35 PM com.sun.enterprise.v3.admin.adapter.AdminEndpointDecider setGuiContextRoot
INFO: Admin Console Adapter: context root: /admin
Feb 23, 2015 4:15:35 PM com.sun.enterprise.v3.admin.adapter.AdminEndpointDecider setGuiContextRoot
INFO: Admin Console Adapter: context root: /admin
Feb 23, 2015 4:15:35 PM com.sun.enterprise.v3.server.AppServerStartup postStartupJob
INFO: Undefined Product Name - define product and version info in config/branding  0.0.0  (0) startup time : Embedded (978ms), startup services(822ms), total(1,800ms)
Feb 23, 2015 4:15:36 PM org.glassfish.admin.mbeanserver.JMXStartupService$JMXConnectorsStarterThread run
INFO: JMXStartupService has disabled JMXConnector system
Feb 23, 2015 4:15:36 PM com.sun.enterprise.connectors.jms.util.JmsRaUtil getInstalledMqVersion
WARNING: jmsra.upgrade_check_failed
Feb 23, 2015 4:15:36 PM com.sun.enterprise.security.SecurityLifecycle <init>
INFO: Java security manager is disabled.
Feb 23, 2015 4:15:36 PM com.sun.enterprise.security.SecurityLifecycle onInitialization
INFO: Entering Security Startup Service.
Feb 23, 2015 4:15:36 PM com.sun.enterprise.security.PolicyLoader loadPolicy
INFO: Loading policy provider com.sun.enterprise.security.jacc.provider.SimplePolicyProvider.
Feb 23, 2015 4:15:36 PM com.sun.enterprise.security.auth.realm.Realm doInstantiate
INFO: Realm [admin-realm] of classtype [com.sun.enterprise.security.auth.realm.file.FileRealm] successfully created.
Feb 23, 2015 4:15:36 PM com.sun.enterprise.security.auth.realm.Realm doInstantiate
INFO: Realm [file] of classtype [com.sun.enterprise.security.auth.realm.file.FileRealm] successfully created.
Feb 23, 2015 4:15:36 PM com.sun.enterprise.security.auth.realm.Realm doInstantiate
INFO: Realm [certificate] of classtype [com.sun.enterprise.security.auth.realm.certificate.CertificateRealm] successfully created.
Feb 23, 2015 4:15:36 PM com.sun.enterprise.security.SecurityLifecycle onInitialization
INFO: Security Service(s) started successfully.
Feb 23, 2015 4:15:36 PM com.sun.enterprise.web.WebContainer createHttpListener
INFO: Created HTTP listener http-listener on host/port 0.0.0.0:8080
Feb 23, 2015 4:15:36 PM com.sun.enterprise.web.WebContainer createHttpListener
INFO: Created HTTP listener https-listener on host/port 0.0.0.0:8181
Feb 23, 2015 4:15:36 PM com.sun.enterprise.web.WebContainer createHosts
INFO: Created virtual server server
Feb 23, 2015 4:15:37 PM org.apache.catalina.realm.JAASRealm setContainer
INFO: Setting JAAS app name glassfish-web
Feb 23, 2015 4:15:37 PM com.sun.enterprise.web.WebContainer loadSystemDefaultWebModules
INFO: Virtual server server loaded default web module 
Feb 23, 2015 4:15:37 PM org.apache.catalina.core.StandardContext log
INFO: WebModule[null] ServletContext.log():No Spring WebApplicationInitializer types detected on classpath
Feb 23, 2015 4:15:37 PM org.apache.catalina.core.StandardContext log
INFO: WebModule[null] ServletContext.log():No Spring WebApplicationInitializer types detected on classpath
Feb 23, 2015 4:15:37 PM org.geoint.keyhole.ssl.TerribleTrustManagerInstaller contextInitialized
WARNING: This proxy currently disables ssl server valiation.  This will be fixed in a future version.
Feb 23, 2015 4:15:37 PM net.sf.j2ep.ProxyFilter init
INFO: init proxy filter
Feb 23, 2015 4:15:37 PM org.geoint.keyhole.test.AuthenticationFilter init
INFO: AuthenticationFilter initialized
Feb 23, 2015 4:15:37 PM com.sun.enterprise.web.WebApplication start
INFO: Loading application [keyhole] at [/keyhole]
Feb 23, 2015 4:15:37 PM org.glassfish.deployment.admin.DeployCommand execute
INFO: keyhole was successfully deployed in 1,620 milliseconds.
Feb 23, 2015 4:15:37 PM org.apache.catalina.core.StandardContext log
INFO: WebModule[null] ServletContext.log():No Spring WebApplicationInitializer types detected on classpath
Feb 23, 2015 4:15:37 PM org.geoint.keyhole.test.AuthenticationFilter init
INFO: AuthenticationFilter initialized
Feb 23, 2015 4:15:37 PM com.sun.enterprise.web.WebApplication start
INFO: Loading application [test] at [/test]
Feb 23, 2015 4:15:37 PM org.glassfish.deployment.admin.DeployCommand execute
INFO: test was successfully deployed in 177 milliseconds.
]]></system-err>
  </testcase>
  <testcase name="testDirectGetOverHttps" classname="org.geoint.keyhole.test.AuthenticationTest" time="0">
    <skipped/>
  </testcase>
  <testcase name="testDirectPost" classname="org.geoint.keyhole.test.AuthenticationTest" time="0">
    <skipped/>
  </testcase>
  <testcase name="testDirectGet" classname="org.geoint.keyhole.test.AuthenticationTest" time="0">
    <skipped/>
  </testcase>
  <testcase name="testProxiedHttpsPost" classname="org.geoint.keyhole.test.AuthenticationTest" time="0.493"/>
  <testcase name="testProxiedPost" classname="org.geoint.keyhole.test.AuthenticationTest" time="0">
    <skipped/>
  </testcase>
  <testcase name="testProxiedHttpsGet" classname="org.geoint.keyhole.test.AuthenticationTest" time="0">
    <skipped/>
  </testcase>
  <testcase name="testProxiedGet" classname="org.geoint.keyhole.test.AuthenticationTest" time="0">
    <skipped/>
  </testcase>
  <testcase name="testDirectPostOverHttps" classname="org.geoint.keyhole.test.AuthenticationTest" time="0">
    <skipped/>
  </testcase>
</testsuite>