<?xml version="1.0" encoding="UTF-8"?>
<testsuite name="org.geoint.keyhole.test.AuthenticationTest" time="0.02" tests="2" errors="2" skipped="0" failures="0">
  <properties>
    <property name="java.runtime.name" value="Java(TM) SE Runtime Environment"/>
    <property name="sun.boot.library.path" value="/usr/lib/jvm/jdk1.8.0_11/jre/lib/amd64"/>
    <property name="java.vm.version" value="25.11-b03"/>
    <property name="java.vm.vendor" value="Oracle Corporation"/>
    <property name="java.vendor.url" value="http://java.oracle.com/"/>
    <property name="path.separator" value=":"/>
    <property name="guice.disable.misplaced.annotation.check" value="true"/>
    <property name="java.vm.name" value="Java HotSpot(TM) 64-Bit Server VM"/>
    <property name="file.encoding.pkg" value="sun.io"/>
    <property name="user.country" value="US"/>
    <property name="sun.java.launcher" value="SUN_STANDARD"/>
    <property name="sun.os.patch.level" value="unknown"/>
    <property name="java.vm.specification.name" value="Java Virtual Machine Specification"/>
    <property name="user.dir" value="/home/localman/workspace/github/keyhole"/>
    <property name="java.runtime.version" value="1.8.0_11-b12"/>
    <property name="java.awt.graphicsenv" value="sun.awt.X11GraphicsEnvironment"/>
    <property name="java.endorsed.dirs" value="/usr/lib/jvm/jdk1.8.0_11/jre/lib/endorsed"/>
    <property name="os.arch" value="amd64"/>
    <property name="java.io.tmpdir" value="/tmp"/>
    <property name="line.separator" value="&#10;"/>
    <property name="java.vm.specification.vendor" value="Oracle Corporation"/>
    <property name="os.name" value="Linux"/>
    <property name="maven.ext.class.path" value="/devSpace/tools/netbeans-8.0/java/maven-nblib/netbeans-eventspy.jar"/>
    <property name="classworlds.conf" value="/opt/maven/bin/m2.conf"/>
    <property name="sun.jnu.encoding" value="UTF-8"/>
    <property name="java.library.path" value="/usr/lib/jvm/jdk1.8.0_11/jre/lib/amd64:/usr/lib/jvm/jdk1.8.0_11/jre/lib/i386:/usr/local/pgsql/lib:/usr/java/packages/lib/amd64:/usr/lib64:/lib64:/lib:/usr/lib"/>
    <property name="java.specification.name" value="Java Platform API Specification"/>
    <property name="java.class.version" value="52.0"/>
    <property name="sun.management.compiler" value="HotSpot 64-Bit Tiered Compilers"/>
    <property name="os.version" value="2.6.32-504.8.1.el6.x86_64"/>
    <property name="user.home" value="/home/localman"/>
    <property name="user.timezone" value="America/New_York"/>
    <property name="java.awt.printerjob" value="sun.print.PSPrinterJob"/>
    <property name="file.encoding" value="UTF-8"/>
    <property name="java.specification.version" value="1.8"/>
    <property name="user.name" value="localman"/>
    <property name="java.class.path" value="/opt/maven/boot/plexus-classworlds-2.4.jar"/>
    <property name="java.vm.specification.version" value="1.8"/>
    <property name="sun.arch.data.model" value="64"/>
    <property name="java.home" value="/usr/lib/jvm/jdk1.8.0_11/jre"/>
    <property name="sun.java.command" value="org.codehaus.plexus.classworlds.launcher.Launcher -Dmaven.ext.class.path=/devSpace/tools/netbeans-8.0/java/maven-nblib/netbeans-eventspy.jar clean install"/>
    <property name="java.specification.vendor" value="Oracle Corporation"/>
    <property name="user.language" value="en"/>
    <property name="awt.toolkit" value="sun.awt.X11.XToolkit"/>
    <property name="java.vm.info" value="mixed mode"/>
    <property name="java.version" value="1.8.0_11"/>
    <property name="java.ext.dirs" value="/usr/lib/jvm/jdk1.8.0_11/jre/lib/ext:/usr/java/packages/lib/ext"/>
    <property name="securerandom.source" value="file:/dev/./urandom"/>
    <property name="sun.boot.class.path" value="/usr/lib/jvm/jdk1.8.0_11/jre/lib/resources.jar:/usr/lib/jvm/jdk1.8.0_11/jre/lib/rt.jar:/usr/lib/jvm/jdk1.8.0_11/jre/lib/sunrsasign.jar:/usr/lib/jvm/jdk1.8.0_11/jre/lib/jsse.jar:/usr/lib/jvm/jdk1.8.0_11/jre/lib/jce.jar:/usr/lib/jvm/jdk1.8.0_11/jre/lib/charsets.jar:/usr/lib/jvm/jdk1.8.0_11/jre/lib/jfr.jar:/usr/lib/jvm/jdk1.8.0_11/jre/classes"/>
    <property name="java.vendor" value="Oracle Corporation"/>
    <property name="maven.home" value="/opt/maven"/>
    <property name="file.separator" value="/"/>
    <property name="java.vendor.url.bug" value="http://bugreport.sun.com/bugreport/"/>
    <property name="sun.cpu.endian" value="little"/>
    <property name="sun.io.unicode.encoding" value="UnicodeLittle"/>
    <property name="sun.desktop" value="gnome"/>
    <property name="sun.cpu.isalist" value=""/>
  </properties>
  <testcase name="org.geoint.keyhole.test.AuthenticationTest" classname="org.geoint.keyhole.test.AuthenticationTest" time="0.01">
    <error message="Cannot export a stream file to existing directory: /tmp" type="java.lang.IllegalArgumentException">java.lang.IllegalArgumentException: Cannot export a stream file to existing directory: /tmp
	at org.jboss.shrinkwrap.impl.base.exporter.AbstractStreamExporterImpl.getOutputStreamToFile(AbstractStreamExporterImpl.java:81)
	at org.jboss.shrinkwrap.impl.base.exporter.AbstractStreamExporterImpl.exportTo(AbstractStreamExporterImpl.java:144)
	at org.geoint.keyhole.test.AuthenticationTest.startUp(AuthenticationTest.java:72)
</error>
    <system-out><![CDATA[

 rewrites summary:


group0


glassfishPngMissingQuoteMatcher0 : url(/resource/community-theme/images/login-backimage-open.png
glassfishBackgroundImageUrlMatcher0 : url(/resource/community-theme/images/login-backimage-open.png
glassfishBaseCssTagMatcher0 : href="/theme/com/sun/webui/jsf/suntheme/css/css_master.css"
glassfishImperfectBackgroundImageUrlMatcher0 : url('/theme/com/sun/webui/jsf/suntheme/images/login/gradlogtop.jpg'
glassfishUrlMissingQuoteMatcher0 : url(/theme/com/sun/webui/jsf/suntheme/images/login/gradlogbot.jpg
glassfishFooterBackgroundImageMatcher0 : url(/theme/com/sun/webui/jsf/suntheme/images/login/gradlogbot.jpg
glassfishFooterDivUrlMatcher0 : url(/theme/com/sun/webui/jsf/suntheme/images/login/gradlogbot.jpg
glassfishJavaxFacesMatcher0 : src="/javax.faces.resource/jsf.js.jsf?ln=javax.faces"
jenkinsBaseMatcher0 : href='/jenkins/static/4fe0e213/css/style.css'
glassfishSunScriptMatcher0 : src="/resource/common/js/adminjsf.js"
glassfishJSecurityCheckMatcher0 : action="j_security_check"
glassfishDojoBaseMatcher0 : src="/keyhole/gf/theme/META-INF/dojo/dojo.js"
glassfishDojoMatcher0 : src='"
jenkinsJobBuildLinkMatcher0 : href="job/apacheds-war/lastBuild"
glassfishBaseScriptTagMatcher0 : src="/theme/META-INF/dojo/dojo.js"
glassfishImage11Matcher0 : src="/resource/community-theme/images/login-product_name_open.png"
jenkinsCookieMinMatcher0 : src="/jenkins/static/e04b8d8c/scripts/yui/cookie/cookie-min.js"
jenkinsNewJobMatcher 0 : href="/jenkins/view/All/newJob"
glassfishActionTagMatcher0 : action="j_security_check"
glassfishResourceJSMatcher0 : src="/resource/js/cj.js"
jenkinsJobWarLinkMatcher0 : href="job/apacheds-war/"
yahooResourceMatcher0 : src="/resources/yui/yahoo-dom-event.js"
jenkinsAllNewJobMatcher0 : href="/jenkins/view/All/newJob"
jenkinsJobLinkMatcher0 : href="job/apacheds-war/lastSuccessfulBuild/"
jenkinsCssMatcher0 : href="/jenkins/static/e04b8d8c/css/style.css"
glassfishIconLinkMatcher0 : href="/resource/community-theme/images/favicon.ico"
glassfishImageTagMatcher0 : src="/resource/community-theme/images/login-product_name_open.png"





group1


glassfishPngMissingQuoteMatcher1 : url(
glassfishBackgroundImageUrlMatcher1 : url(
glassfishBaseCssTagMatcher1 : href=
glassfishImperfectBackgroundImageUrlMatcher1 : url(
glassfishFooterBackgroundImageMatcher1 : url(
glassfishFooterDivUrlMatcher1 : url(
glassfishJavaxFacesMatcher1 : src=
jenkinsBaseMatcher1 : href=
glassfishSunScriptMatcher1 : src=
glassfishUrlMissingQuoteMatcher1 : url(
glassfishJSecurityCheckMatcher1 : action=
glassfishDojoBaseMatcher1 : src=
glassfishDojoMatcher1 : src=
doubleBackSlashMatcher{0}: {1}1 : //typeface.nytimes.com/zam5nzz.js
glassfishBaseScriptTagMatcher1 : src=
glassfishImage11Matcher1 : src=
jenkinsCookieMinMatcher1 : src=
jenkinsNewJobMatcher 1 : href=
glassfishActionTagMatcher1 : action=
glassfishResourceJSMatcher1 : src=
jenkinsJobBuildLinkMatcher1 : href=
glassfishImageMastheadMatcher{0}: {1}1 : /theme/com/sun/webui/jsf/suntheme/images/other/dot.gif
yahooResourceMatcher1 : src=
jenkinsJobWarLinkMatcher1 : href=
jenkinsAllNewJobMatcher1 : href=
jenkinsCssMatcher1 : href=
glassfishIconLinkMatcher1 : href=
glassfishImageTagMatcher1 : src=
jenkinsJobLinkMatcher1 : href=





group2


glassfishPngMissingQuoteMatcher2 : 
glassfishBackgroundImageUrlMatcher2 : 
glassfishBaseCssTagMatcher2 : "
glassfishImperfectBackgroundImageUrlMatcher2 : '
glassfishJavaxFacesMatcher2 : "
glassfishFooterBackgroundImageMatcher2 : 
glassfishFooterDivUrlMatcher2 : 
jenkinsBaseMatcher2 : '
glassfishSunScriptMatcher2 : "
glassfishUrlMissingQuoteMatcher2 : 
glassfishDojoMatcher2 : '
glassfishJSecurityCheckMatcher2 : "
glassfishDojoBaseMatcher2 : "
glassfishBaseScriptTagMatcher2 : "
glassfishImage11Matcher2 : "
jenkinsCookieMinMatcher2 : "
jenkinsNewJobMatcher 2 : "
glassfishActionTagMatcher2 : "
glassfishResourceJSMatcher2 : "
jenkinsJobBuildLinkMatcher2 : "
jenkinsJobWarLinkMatcher2 : "
yahooResourceMatcher2 : "
jenkinsCssMatcher2 : "
jenkinsAllNewJobMatcher2 : "
glassfishIconLinkMatcher2 : "
glassfishImageTagMatcher2 : "
jenkinsJobLinkMatcher2 : "





group3


glassfishPngMissingQuoteMatcher3 : null
glassfishBaseCssTagMatcher3 : null
glassfishBackgroundImageUrlMatcher3 : null
glassfishJavaxFacesMatcher3 : null
glassfishImperfectBackgroundImageUrlMatcher3 : null
glassfishFooterBackgroundImageMatcher3 : null
glassfishFooterDivUrlMatcher3 : null
glassfishSunScriptMatcher3 : null
glassfishUrlMissingQuoteMatcher3 : null
jenkinsBaseMatcher3 : null
glassfishDojoMatcher3 : null
glassfishJSecurityCheckMatcher3 : null
glassfishDojoBaseMatcher3 : null
glassfishImage11Matcher3 : null
glassfishBaseScriptTagMatcher3 : null
jenkinsCookieMinMatcher3 : null
jenkinsNewJobMatcher 3 : null
glassfishActionTagMatcher3 : null
glassfishResourceJSMatcher3 : null
jenkinsJobBuildLinkMatcher3 : null
yahooResourceMatcher3 : null
jenkinsJobWarLinkMatcher3 : null
jenkinsCssMatcher3 : null
jenkinsAllNewJobMatcher3 : null
glassfishIconLinkMatcher3 : null
jenkinsJobLinkMatcher3 : null
glassfishImageTagMatcher3 : null





group4


glassfishPngMissingQuoteMatcher4 : null
glassfishFooterBackgroundImageMatcher4 : null
glassfishBaseCssTagMatcher4 : null
glassfishJavaxFacesMatcher4 : null
glassfishImperfectBackgroundImageUrlMatcher4 : null
glassfishBackgroundImageUrlMatcher4 : null
glassfishFooterDivUrlMatcher4 : null
glassfishSunScriptMatcher4 : null
glassfishUrlMissingQuoteMatcher4 : null
jenkinsBaseMatcher4 : null
glassfishDojoMatcher4 : null
glassfishJSecurityCheckMatcher4 : null
glassfishDojoBaseMatcher4 : null
glassfishImage11Matcher4 : null
glassfishBaseScriptTagMatcher4 : null
jenkinsCookieMinMatcher4 : null
jenkinsNewJobMatcher 4 : null
glassfishActionTagMatcher4 : null
glassfishResourceJSMatcher4 : null
yahooResourceMatcher4 : null
jenkinsJobBuildLinkMatcher4 : null
jenkinsJobWarLinkMatcher4 : null
jenkinsAllNewJobMatcher4 : null
jenkinsCssMatcher4 : null
glassfishIconLinkMatcher4 : null
jenkinsJobLinkMatcher4 : null
glassfishImageTagMatcher4 : null





group5


glassfishPngMissingQuoteMatcher5 : null
glassfishFooterBackgroundImageMatcher5 : null
glassfishBaseCssTagMatcher5 : null
glassfishImperfectBackgroundImageUrlMatcher5 : null
glassfishJavaxFacesMatcher5 : null
glassfishBackgroundImageUrlMatcher5 : null
glassfishFooterDivUrlMatcher5 : null
glassfishSunScriptMatcher5 : null
glassfishUrlMissingQuoteMatcher5 : null
jenkinsBaseMatcher5 : null
glassfishDojoBaseMatcher5 : null
glassfishDojoMatcher5 : null
glassfishJSecurityCheckMatcher5 : null
glassfishImage11Matcher5 : null
glassfishBaseScriptTagMatcher5 : null
jenkinsCookieMinMatcher5 : null
jenkinsNewJobMatcher 5 : null
glassfishActionTagMatcher5 : null
yahooResourceMatcher5 : null
glassfishResourceJSMatcher5 : null
jenkinsJobBuildLinkMatcher5 : null
jenkinsJobWarLinkMatcher5 : null
jenkinsAllNewJobMatcher5 : null
jenkinsCssMatcher5 : null
glassfishIconLinkMatcher5 : null
glassfishImageTagMatcher5 : null
jenkinsJobLinkMatcher5 : null





group6


glassfishPngMissingQuoteMatcher6 : /resource/community-theme/images/login-backimage-open.png
glassfishFooterBackgroundImageMatcher6 : /theme/com/sun/webui/jsf/suntheme/images/login/gradlogbot.jpg
glassfishBaseCssTagMatcher6 : /theme/com/sun/webui/jsf/suntheme/css/css_master.css
glassfishJavaxFacesMatcher6 : /javax.faces.resource/jsf.js.jsf?ln=javax.faces
glassfishImperfectBackgroundImageUrlMatcher6 : /theme/com/sun/webui/jsf/suntheme/images/login/gradlogtop.jpg
glassfishBackgroundImageUrlMatcher6 : /resource/community-theme/images/login-backimage-open.png
glassfishFooterDivUrlMatcher6 : /theme/com/sun/webui/jsf/suntheme/images/login/gradlogbot.jpg
glassfishSunScriptMatcher6 : /resource/common/js/adminjsf.js
glassfishUrlMissingQuoteMatcher6 : /theme/com/sun/webui/jsf/suntheme/images/login/gradlogbot.jpg
jenkinsBaseMatcher6 : /jenkins/static/4fe0e213/css/style.css
glassfishDojoBaseMatcher6 : /keyhole/gf/theme/META-INF/dojo/dojo.js
glassfishDojoMatcher6 : 
glassfishJSecurityCheckMatcher6 : j_security_check
glassfishImage11Matcher6 : /resource/community-theme/images/login-product_name_open.png
glassfishBaseScriptTagMatcher6 : /theme/META-INF/dojo/dojo.js
jenkinsCookieMinMatcher6 : /jenkins/static/e04b8d8c/scripts/yui/cookie/cookie-min.js
jenkinsNewJobMatcher 6 : /jenkins/view/All/newJob
glassfishActionTagMatcher6 : j_security_check
glassfishResourceJSMatcher6 : /resource/js/cj.js
yahooResourceMatcher6 : /resources/yui/yahoo-dom-event.js
jenkinsJobBuildLinkMatcher6 : job/apacheds-war/lastBuild
jenkinsJobWarLinkMatcher6 : job/apacheds-war/
jenkinsAllNewJobMatcher6 : /jenkins/view/All/newJob
jenkinsCssMatcher6 : /jenkins/static/e04b8d8c/css/style.css
glassfishIconLinkMatcher6 : /resource/community-theme/images/favicon.ico
glassfishImageTagMatcher6 : /resource/community-theme/images/login-product_name_open.png
jenkinsJobLinkMatcher6 : job/apacheds-war/lastSuccessfulBuild/




PlainTextActionReporterSUCCESSNo monitoring data to report.
]]></system-out>
  </testcase>
  <testcase name="org.geoint.keyhole.test.AuthenticationTest" classname="org.geoint.keyhole.test.AuthenticationTest" time="0.01">
    <error type="java.lang.NullPointerException:">java.lang.NullPointerException: null
	at org.geoint.keyhole.test.AuthenticationTest.cleanUp(AuthenticationTest.java:120)
</error>
  </testcase>
</testsuite>